16:04:27.620 [main] INFO  org.testng.internal.Utils - [TestNG] Running:
  C:\Automation_Framework\OpencartV121\master.xml

16:07:16.117 [main] DEBUG org.testng.TestNG - suiteXmlPath: "C:\Automation_Framework\OpencartV121\master.xml"
16:07:16.913 [main] INFO  org.testng.internal.Utils - [TestNG] Running:
  C:\Automation_Framework\OpencartV121\master.xml

16:13:54.201 [main] DEBUG org.testng.TestNG - suiteXmlPath: "C:\Automation_Framework\OpencartV121\master.xml"
16:13:54.732 [main] INFO  org.testng.internal.Utils - [TestNG] Running:
  C:\Automation_Framework\OpencartV121\master.xml

16:14:04.659 [main] INFO  testCases.TC_002_LoginTest - ***** Starting LoginTest*****
16:14:08.157 [main] INFO  testCases.TC_002_LoginTest - ***** Finished LoginTest*****
16:14:14.124 [main] INFO  testCases.TC_001_AccountRegistrationTest - ******Execution Started********
16:14:22.135 [main] INFO  testCases.TC_001_AccountRegistrationTest - ****** Home Page complete********
16:14:28.481 [main] INFO  testCases.TC_001_AccountRegistrationTest - ****** enter all details in registration page********
16:14:28.481 [main] INFO  testCases.TC_001_AccountRegistrationTest - ****** validating confirm msg********
16:44:07.949 [main] DEBUG org.testng.TestNG - suiteXmlPath: "C:\Automation_Framework\OpencartV121\master.xml"
16:44:23.000 [main] INFO  testCases.TC_002_LoginTest - ***** Starting LoginTest*****
16:44:26.757 [main] INFO  testCases.TC_002_LoginTest - ***** Finished LoginTest*****
16:44:34.445 [main] INFO  testCases.TC_001_AccountRegistrationTest - ******Execution Started********
16:44:42.643 [main] INFO  testCases.TC_001_AccountRegistrationTest - ****** Home Page complete********
16:44:50.580 [main] INFO  testCases.TC_001_AccountRegistrationTest - ****** enter all details in registration page********
16:44:50.581 [main] INFO  testCases.TC_001_AccountRegistrationTest - ****** validating confirm msg********
16:50:00.031 [main] DEBUG org.testng.TestNG - suiteXmlPath: "C:\Automation_Framework\OpencartV121\master.xml"
16:50:13.315 [main] INFO  testCases.TC_002_LoginTest - ***** Starting LoginTest*****
16:50:16.890 [main] INFO  testCases.TC_002_LoginTest - ***** Finished LoginTest*****
16:50:24.190 [main] INFO  testCases.TC_001_AccountRegistrationTest - ******Execution Started********
16:50:34.841 [main] INFO  testCases.TC_001_AccountRegistrationTest - ****** Home Page complete********
16:50:40.736 [main] INFO  testCases.TC_001_AccountRegistrationTest - ****** enter all details in registration page********
16:50:40.736 [main] INFO  testCases.TC_001_AccountRegistrationTest - ****** validating confirm msg********
